2025-12-10 16:56:06,406 [INFO] werkzeug: [31m[1mWARNING: This is a development server. Do not use it in a production deployment. Use a production WSGI server instead.[0m
 * Running on all addresses (0.0.0.0)
 * Running on http://127.0.0.1:5000
 * Running on http://192.168.1.139:5000
2025-12-10 16:56:06,407 [INFO] werkzeug: [33mPress CTRL+C to quit[0m
2025-12-10 16:56:06,410 [INFO] werkzeug:  * Restarting with stat
2025-12-10 16:56:06,833 [WARNING] werkzeug:  * Debugger is active!
2025-12-10 16:56:06,846 [INFO] werkzeug:  * Debugger PIN: 108-000-919
2025-12-10 16:56:49,664 [INFO] werkzeug:  * Detected change in 'C:\\Users\\USER\\Desktop\\CaseK2NeuroTechDevelopmentAssistant_K11\\server\\test_client.py', reloading
2025-12-10 16:56:49,764 [INFO] werkzeug:  * Restarting with stat
2025-12-10 16:56:50,656 [WARNING] werkzeug:  * Debugger is active!
2025-12-10 16:56:50,660 [INFO] werkzeug:  * Debugger PIN: 108-000-919
2025-12-10 16:56:54,793 [INFO] telegram_auth: Authenticated user: 123456789
2025-12-10 16:56:54,793 [INFO] werkzeug: 127.0.0.1 - - [10/Dec/2025 16:56:54] "POST /api/telegram/auth HTTP/1.1" 200 -
2025-12-10 16:56:56,824 [INFO] tasks_create: Task 1 created by user 123456789
2025-12-10 16:56:56,825 [INFO] werkzeug: 127.0.0.1 - - [10/Dec/2025 16:56:56] "[35m[1mPOST /api/tasks HTTP/1.1[0m" 201 -
2025-12-10 16:56:58,869 [INFO] werkzeug: 127.0.0.1 - - [10/Dec/2025 16:56:58] "GET /api/tasks HTTP/1.1" 200 -
2025-12-10 16:57:00,908 [INFO] tasks_update: Task 1 updated by 123456789
2025-12-10 16:57:00,908 [INFO] werkzeug: 127.0.0.1 - - [10/Dec/2025 16:57:00] "PUT /api/tasks/1 HTTP/1.1" 200 -
2025-12-10 16:57:02,949 [INFO] docs_create: Doc 1 created by 123456789
2025-12-10 16:57:02,949 [INFO] werkzeug: 127.0.0.1 - - [10/Dec/2025 16:57:02] "[35m[1mPOST /api/docs HTTP/1.1[0m" 201 -
2025-12-10 16:57:04,997 [INFO] werkzeug: 127.0.0.1 - - [10/Dec/2025 16:57:04] "GET /api/docs HTTP/1.1" 200 -
2025-12-10 16:57:07,042 [INFO] werkzeug: 127.0.0.1 - - [10/Dec/2025 16:57:07] "PUT /api/docs/1 HTTP/1.1" 200 -
2025-12-10 16:57:09,066 [INFO] events_create: Event 1 created by user 123456789
2025-12-10 16:57:09,067 [INFO] werkzeug: 127.0.0.1 - - [10/Dec/2025 16:57:09] "[35m[1mPOST /api/calendar/events HTTP/1.1[0m" 201 -
2025-12-10 16:57:11,095 [INFO] werkzeug: 127.0.0.1 - - [10/Dec/2025 16:57:11] "GET /api/calendar/events HTTP/1.1" 200 -
2025-12-10 16:57:13,121 [INFO] tasks_delete: Task 1 deleted by 123456789
2025-12-10 16:57:13,121 [INFO] werkzeug: 127.0.0.1 - - [10/Dec/2025 16:57:13] "DELETE /api/tasks/1 HTTP/1.1" 200 -
2025-12-10 16:57:15,167 [INFO] root: [MOCK NOTIFICATION] To 123456789: Тестовое уведомление от сервера
2025-12-10 16:57:15,167 [INFO] telegram_notify: Notification sent to chat 123456789
2025-12-10 16:57:15,167 [INFO] werkzeug: 127.0.0.1 - - [10/Dec/2025 16:57:15] "POST /api/telegram/notify HTTP/1.1" 200 -
2025-12-10 16:59:27,792 [INFO] werkzeug:  * Detected change in 'C:\\Users\\USER\\Desktop\\CaseK2NeuroTechDevelopmentAssistant_K11\\server\\init_csv.py', reloading
2025-12-10 16:59:28,364 [INFO] werkzeug:  * Restarting with stat
2025-12-10 16:59:29,337 [WARNING] werkzeug:  * Debugger is active!
2025-12-10 16:59:29,342 [INFO] werkzeug:  * Debugger PIN: 108-000-919
2025-12-10 17:00:42,447 [INFO] werkzeug: [31m[1mWARNING: This is a development server. Do not use it in a production deployment. Use a production WSGI server instead.[0m
 * Running on all addresses (0.0.0.0)
 * Running on http://127.0.0.1:5000
 * Running on http://192.168.1.139:5000
2025-12-10 17:00:42,447 [INFO] werkzeug: [33mPress CTRL+C to quit[0m
2025-12-10 17:00:42,449 [INFO] werkzeug:  * Restarting with stat
2025-12-10 17:00:42,811 [WARNING] werkzeug:  * Debugger is active!
2025-12-10 17:00:42,814 [INFO] werkzeug:  * Debugger PIN: 108-000-919
2025-12-10 17:01:30,179 [INFO] werkzeug: [31m[1mWARNING: This is a development server. Do not use it in a production deployment. Use a production WSGI server instead.[0m
 * Running on all addresses (0.0.0.0)
 * Running on http://127.0.0.1:5000
 * Running on http://192.168.1.139:5000
2025-12-10 17:01:30,179 [INFO] werkzeug: [33mPress CTRL+C to quit[0m
2025-12-10 17:01:30,181 [INFO] werkzeug:  * Restarting with stat
2025-12-10 17:01:30,784 [WARNING] werkzeug:  * Debugger is active!
2025-12-10 17:01:30,788 [INFO] werkzeug:  * Debugger PIN: 108-000-919
2025-12-10 17:01:39,284 [INFO] telegram_auth: Authenticated user: 123456789
2025-12-10 17:01:39,285 [INFO] werkzeug: 127.0.0.1 - - [10/Dec/2025 17:01:39] "POST /api/telegram/auth HTTP/1.1" 200 -
2025-12-10 17:01:41,339 [INFO] tasks_create: Task 4997 created by user 123456789
2025-12-10 17:01:41,340 [INFO] werkzeug: 127.0.0.1 - - [10/Dec/2025 17:01:41] "[35m[1mPOST /api/tasks HTTP/1.1[0m" 201 -
2025-12-10 17:01:43,459 [INFO] werkzeug: 127.0.0.1 - - [10/Dec/2025 17:01:43] "GET /api/tasks HTTP/1.1" 200 -
2025-12-10 17:01:45,611 [INFO] tasks_update: Task 4997 updated by 123456789
2025-12-10 17:01:45,611 [INFO] werkzeug: 127.0.0.1 - - [10/Dec/2025 17:01:45] "PUT /api/tasks/4997 HTTP/1.1" 200 -
2025-12-10 17:01:47,659 [INFO] docs_create: Doc 2035 created by 123456789
2025-12-10 17:01:47,660 [INFO] werkzeug: 127.0.0.1 - - [10/Dec/2025 17:01:47] "[35m[1mPOST /api/docs HTTP/1.1[0m" 201 -
2025-12-10 17:01:49,719 [INFO] werkzeug: 127.0.0.1 - - [10/Dec/2025 17:01:49] "GET /api/docs HTTP/1.1" 200 -
2025-12-10 17:01:51,778 [INFO] werkzeug: 127.0.0.1 - - [10/Dec/2025 17:01:51] "PUT /api/docs/2035 HTTP/1.1" 200 -
2025-12-10 17:01:53,812 [INFO] events_create: Event 1456 created by user 123456789
2025-12-10 17:01:53,813 [INFO] werkzeug: 127.0.0.1 - - [10/Dec/2025 17:01:53] "[35m[1mPOST /api/calendar/events HTTP/1.1[0m" 201 -
2025-12-10 17:01:55,862 [INFO] werkzeug: 127.0.0.1 - - [10/Dec/2025 17:01:55] "GET /api/calendar/events HTTP/1.1" 200 -
2025-12-10 17:01:58,002 [INFO] tasks_delete: Task 4997 deleted by 123456789
2025-12-10 17:01:58,002 [INFO] werkzeug: 127.0.0.1 - - [10/Dec/2025 17:01:58] "DELETE /api/tasks/4997 HTTP/1.1" 200 -
2025-12-10 17:02:00,020 [INFO] root: [MOCK NOTIFICATION] To 123456789: Тестовое уведомление от сервера
2025-12-10 17:02:00,020 [INFO] telegram_notify: Notification sent to chat 123456789
2025-12-10 17:02:00,020 [INFO] werkzeug: 127.0.0.1 - - [10/Dec/2025 17:02:00] "POST /api/telegram/notify HTTP/1.1" 200 -
2025-12-10 17:07:21,163 [INFO] werkzeug:  * Detected change in 'C:\\Users\\USER\\Desktop\\CaseK2NeuroTechDevelopmentAssistant_K11\\server\\handlers\\tasks_create.py', reloading
2025-12-10 17:07:21,218 [INFO] werkzeug:  * Restarting with stat
2025-12-10 17:07:21,658 [WARNING] werkzeug:  * Debugger is active!
2025-12-10 17:07:21,662 [INFO] werkzeug:  * Debugger PIN: 108-000-919
2025-12-10 17:07:46,319 [INFO] werkzeug:  * Detected change in 'C:\\Users\\USER\\Desktop\\CaseK2NeuroTechDevelopmentAssistant_K11\\server\\handlers\\users_create.py', reloading
2025-12-10 17:07:46,415 [INFO] werkzeug:  * Restarting with stat
2025-12-10 17:07:47,488 [WARNING] werkzeug:  * Debugger is active!
2025-12-10 17:07:47,496 [INFO] werkzeug:  * Debugger PIN: 108-000-919
2025-12-10 17:07:57,914 [INFO] werkzeug:  * Detected change in 'C:\\Users\\USER\\Desktop\\CaseK2NeuroTechDevelopmentAssistant_K11\\server\\handlers\\users_list.py', reloading
2025-12-10 17:07:58,033 [INFO] werkzeug:  * Restarting with stat
2025-12-10 17:07:59,278 [WARNING] werkzeug:  * Debugger is active!
2025-12-10 17:07:59,286 [INFO] werkzeug:  * Debugger PIN: 108-000-919
2025-12-10 17:08:10,598 [INFO] werkzeug:  * Detected change in 'C:\\Users\\USER\\Desktop\\CaseK2NeuroTechDevelopmentAssistant_K11\\server\\modules\\users.py', reloading
2025-12-10 17:08:10,807 [INFO] werkzeug:  * Restarting with stat
2025-12-10 17:08:11,861 [WARNING] werkzeug:  * Debugger is active!
2025-12-10 17:08:11,868 [INFO] werkzeug:  * Debugger PIN: 108-000-919
2025-12-10 17:09:39,843 [INFO] app: Registered route: POST /api/telegram/auth → telegram_auth
2025-12-10 17:09:39,845 [INFO] app: Registered route: POST /api/telegram/notify → telegram_notify
2025-12-10 17:09:39,847 [INFO] app: Registered route: GET /api/tasks → tasks_list
2025-12-10 17:09:39,848 [INFO] app: Registered route: POST /api/tasks → tasks_create
2025-12-10 17:09:39,850 [INFO] app: Registered route: PUT /api/tasks/<int:id> → tasks_update
2025-12-10 17:09:39,852 [INFO] app: Registered route: DELETE /api/tasks/<int:id> → tasks_delete
2025-12-10 17:09:39,854 [INFO] app: Registered route: GET /api/docs → docs_list
2025-12-10 17:09:39,856 [INFO] app: Registered route: POST /api/docs → docs_create
2025-12-10 17:09:39,858 [INFO] app: Registered route: PUT /api/docs/<int:id> → docs_update
2025-12-10 17:09:39,859 [INFO] app: Registered route: GET /api/calendar/events → events_list
2025-12-10 17:09:39,861 [INFO] app: Registered route: POST /api/calendar/events → events_create
2025-12-10 17:09:39,865 [INFO] app: Registered route: GET /api/users → users_list
2025-12-10 17:09:39,869 [INFO] app: Registered route: POST /api/users → users_create
2025-12-10 17:09:39,932 [INFO] werkzeug: [31m[1mWARNING: This is a development server. Do not use it in a production deployment. Use a production WSGI server instead.[0m
 * Running on all addresses (0.0.0.0)
 * Running on http://127.0.0.1:5000
 * Running on http://192.168.1.139:5000
2025-12-10 17:09:39,932 [INFO] werkzeug: [33mPress CTRL+C to quit[0m
2025-12-10 17:09:39,934 [INFO] werkzeug:  * Restarting with stat
2025-12-10 17:09:40,483 [INFO] app: Registered route: POST /api/telegram/auth → telegram_auth
2025-12-10 17:09:40,485 [INFO] app: Registered route: POST /api/telegram/notify → telegram_notify
2025-12-10 17:09:40,488 [INFO] app: Registered route: GET /api/tasks → tasks_list
2025-12-10 17:09:40,490 [INFO] app: Registered route: POST /api/tasks → tasks_create
2025-12-10 17:09:40,492 [INFO] app: Registered route: PUT /api/tasks/<int:id> → tasks_update
2025-12-10 17:09:40,494 [INFO] app: Registered route: DELETE /api/tasks/<int:id> → tasks_delete
2025-12-10 17:09:40,497 [INFO] app: Registered route: GET /api/docs → docs_list
2025-12-10 17:09:40,498 [INFO] app: Registered route: POST /api/docs → docs_create
2025-12-10 17:09:40,500 [INFO] app: Registered route: PUT /api/docs/<int:id> → docs_update
2025-12-10 17:09:40,502 [INFO] app: Registered route: GET /api/calendar/events → events_list
2025-12-10 17:09:40,504 [INFO] app: Registered route: POST /api/calendar/events → events_create
2025-12-10 17:09:40,506 [INFO] app: Registered route: GET /api/users → users_list
2025-12-10 17:09:40,508 [INFO] app: Registered route: POST /api/users → users_create
2025-12-10 17:09:40,535 [WARNING] werkzeug:  * Debugger is active!
2025-12-10 17:09:40,542 [INFO] werkzeug:  * Debugger PIN: 108-000-919
2025-12-10 17:09:46,608 [INFO] telegram_auth: Authenticated user: 123456789
2025-12-10 17:09:46,608 [INFO] werkzeug: 127.0.0.1 - - [10/Dec/2025 17:09:46] "POST /api/telegram/auth HTTP/1.1" 200 -
2025-12-10 17:09:48,690 [INFO] tasks_create: Task 4997 created by 123456789
2025-12-10 17:09:48,690 [INFO] werkzeug: 127.0.0.1 - - [10/Dec/2025 17:09:48] "[35m[1mPOST /api/tasks HTTP/1.1[0m" 201 -
2025-12-10 17:09:50,839 [INFO] werkzeug: 127.0.0.1 - - [10/Dec/2025 17:09:50] "GET /api/tasks HTTP/1.1" 200 -
2025-12-10 17:09:52,978 [INFO] tasks_update: Task 4997 updated by 123456789
2025-12-10 17:09:52,979 [INFO] werkzeug: 127.0.0.1 - - [10/Dec/2025 17:09:52] "PUT /api/tasks/4997 HTTP/1.1" 200 -
2025-12-10 17:09:55,030 [INFO] docs_create: Doc 2036 created by 123456789
2025-12-10 17:09:55,030 [INFO] werkzeug: 127.0.0.1 - - [10/Dec/2025 17:09:55] "[35m[1mPOST /api/docs HTTP/1.1[0m" 201 -
2025-12-10 17:09:57,098 [INFO] werkzeug: 127.0.0.1 - - [10/Dec/2025 17:09:57] "GET /api/docs HTTP/1.1" 200 -
2025-12-10 17:09:59,167 [INFO] werkzeug: 127.0.0.1 - - [10/Dec/2025 17:09:59] "PUT /api/docs/2036 HTTP/1.1" 200 -
2025-12-10 17:10:01,201 [INFO] events_create: Event 1457 created by user 123456789
2025-12-10 17:10:01,201 [INFO] werkzeug: 127.0.0.1 - - [10/Dec/2025 17:10:01] "[35m[1mPOST /api/calendar/events HTTP/1.1[0m" 201 -
2025-12-10 17:10:03,231 [INFO] werkzeug: 127.0.0.1 - - [10/Dec/2025 17:10:03] "GET /api/calendar/events HTTP/1.1" 200 -
2025-12-10 17:10:05,352 [INFO] tasks_delete: Task 4997 deleted by 123456789
2025-12-10 17:10:05,352 [INFO] werkzeug: 127.0.0.1 - - [10/Dec/2025 17:10:05] "DELETE /api/tasks/4997 HTTP/1.1" 200 -
2025-12-10 17:10:07,401 [INFO] root: [MOCK NOTIFICATION] To 123456789: Тестовое уведомление от сервера
2025-12-10 17:10:07,402 [INFO] telegram_notify: Notification sent to chat 123456789
2025-12-10 17:10:07,402 [INFO] werkzeug: 127.0.0.1 - - [10/Dec/2025 17:10:07] "POST /api/telegram/notify HTTP/1.1" 200 -
2025-12-10 17:13:49,016 [INFO] werkzeug:  * Detected change in 'C:\\Users\\USER\\Desktop\\CaseK2NeuroTechDevelopmentAssistant_K11\\server\\test_client_admin.py', reloading
2025-12-10 17:13:49,095 [INFO] werkzeug:  * Restarting with stat
2025-12-10 17:13:49,480 [INFO] app: Registered route: POST /api/telegram/auth → telegram_auth
2025-12-10 17:13:49,481 [INFO] app: Registered route: POST /api/telegram/notify → telegram_notify
2025-12-10 17:13:49,483 [INFO] app: Registered route: GET /api/tasks → tasks_list
2025-12-10 17:13:49,484 [INFO] app: Registered route: POST /api/tasks → tasks_create
2025-12-10 17:13:49,485 [INFO] app: Registered route: PUT /api/tasks/<int:id> → tasks_update
2025-12-10 17:13:49,487 [INFO] app: Registered route: DELETE /api/tasks/<int:id> → tasks_delete
2025-12-10 17:13:49,488 [INFO] app: Registered route: GET /api/docs → docs_list
2025-12-10 17:13:49,489 [INFO] app: Registered route: POST /api/docs → docs_create
2025-12-10 17:13:49,491 [INFO] app: Registered route: PUT /api/docs/<int:id> → docs_update
2025-12-10 17:13:49,492 [INFO] app: Registered route: GET /api/calendar/events → events_list
2025-12-10 17:13:49,493 [INFO] app: Registered route: POST /api/calendar/events → events_create
2025-12-10 17:13:49,494 [INFO] app: Registered route: GET /api/users → users_list
2025-12-10 17:13:49,495 [INFO] app: Registered route: POST /api/users → users_create
2025-12-10 17:13:49,519 [WARNING] werkzeug:  * Debugger is active!
2025-12-10 17:13:49,524 [INFO] werkzeug:  * Debugger PIN: 108-000-919
2025-12-10 17:14:02,928 [INFO] werkzeug:  * Detected change in 'C:\\Users\\USER\\Desktop\\CaseK2NeuroTechDevelopmentAssistant_K11\\server\\init_csv.py', reloading
2025-12-10 17:14:02,990 [INFO] werkzeug:  * Restarting with stat
2025-12-10 17:14:04,728 [INFO] app: Registered route: POST /api/telegram/auth → telegram_auth
2025-12-10 17:14:04,730 [INFO] app: Registered route: POST /api/telegram/notify → telegram_notify
2025-12-10 17:14:04,733 [INFO] app: Registered route: GET /api/tasks → tasks_list
2025-12-10 17:14:04,735 [INFO] app: Registered route: POST /api/tasks → tasks_create
2025-12-10 17:14:04,738 [INFO] app: Registered route: PUT /api/tasks/<int:id> → tasks_update
2025-12-10 17:14:04,740 [INFO] app: Registered route: DELETE /api/tasks/<int:id> → tasks_delete
2025-12-10 17:14:04,743 [INFO] app: Registered route: GET /api/docs → docs_list
2025-12-10 17:14:04,745 [INFO] app: Registered route: POST /api/docs → docs_create
2025-12-10 17:14:04,748 [INFO] app: Registered route: PUT /api/docs/<int:id> → docs_update
2025-12-10 17:14:04,751 [INFO] app: Registered route: GET /api/calendar/events → events_list
2025-12-10 17:14:04,753 [INFO] app: Registered route: POST /api/calendar/events → events_create
2025-12-10 17:14:04,755 [INFO] app: Registered route: GET /api/users → users_list
2025-12-10 17:14:04,758 [INFO] app: Registered route: POST /api/users → users_create
2025-12-10 17:14:04,810 [WARNING] werkzeug:  * Debugger is active!
2025-12-10 17:14:04,818 [INFO] werkzeug:  * Debugger PIN: 108-000-919
2025-12-10 17:14:48,988 [INFO] telegram_auth: Authenticated user: 111111111
2025-12-10 17:14:48,988 [INFO] werkzeug: 127.0.0.1 - - [10/Dec/2025 17:14:48] "POST /api/telegram/auth HTTP/1.1" 200 -
2025-12-10 17:14:51,027 [INFO] werkzeug: 127.0.0.1 - - [10/Dec/2025 17:14:51] "GET /api/users HTTP/1.1" 200 -
2025-12-10 17:14:53,052 [INFO] users_create: Admin 111111111 created user 1001
2025-12-10 17:14:53,052 [INFO] werkzeug: 127.0.0.1 - - [10/Dec/2025 17:14:53] "[35m[1mPOST /api/users HTTP/1.1[0m" 201 -
2025-12-10 17:15:05,945 [INFO] werkzeug:  * Detected change in 'C:\\Users\\USER\\Desktop\\CaseK2NeuroTechDevelopmentAssistant_K11\\server\\test_client.py', reloading
2025-12-10 17:15:06,004 [INFO] werkzeug:  * Restarting with stat
2025-12-10 17:15:06,469 [INFO] app: Registered route: POST /api/telegram/auth → telegram_auth
2025-12-10 17:15:06,470 [INFO] app: Registered route: POST /api/telegram/notify → telegram_notify
2025-12-10 17:15:06,472 [INFO] app: Registered route: GET /api/tasks → tasks_list
2025-12-10 17:15:06,473 [INFO] app: Registered route: POST /api/tasks → tasks_create
2025-12-10 17:15:06,475 [INFO] app: Registered route: PUT /api/tasks/<int:id> → tasks_update
2025-12-10 17:15:06,477 [INFO] app: Registered route: DELETE /api/tasks/<int:id> → tasks_delete
2025-12-10 17:15:06,479 [INFO] app: Registered route: GET /api/docs → docs_list
2025-12-10 17:15:06,480 [INFO] app: Registered route: POST /api/docs → docs_create
2025-12-10 17:15:06,482 [INFO] app: Registered route: PUT /api/docs/<int:id> → docs_update
2025-12-10 17:15:06,483 [INFO] app: Registered route: GET /api/calendar/events → events_list
2025-12-10 17:15:06,484 [INFO] app: Registered route: POST /api/calendar/events → events_create
2025-12-10 17:15:06,486 [INFO] app: Registered route: GET /api/users → users_list
2025-12-10 17:15:06,487 [INFO] app: Registered route: POST /api/users → users_create
2025-12-10 17:15:06,510 [WARNING] werkzeug:  * Debugger is active!
2025-12-10 17:15:06,513 [INFO] werkzeug:  * Debugger PIN: 108-000-919
2025-12-10 17:15:12,825 [INFO] telegram_auth: Authenticated user: 123456789
2025-12-10 17:15:12,825 [INFO] werkzeug: 127.0.0.1 - - [10/Dec/2025 17:15:12] "POST /api/telegram/auth HTTP/1.1" 200 -
2025-12-10 17:15:14,914 [INFO] tasks_create: Task 4983 created by 123456789
2025-12-10 17:15:14,914 [INFO] werkzeug: 127.0.0.1 - - [10/Dec/2025 17:15:14] "[35m[1mPOST /api/tasks HTTP/1.1[0m" 201 -
2025-12-10 17:15:17,037 [INFO] werkzeug: 127.0.0.1 - - [10/Dec/2025 17:15:17] "GET /api/tasks HTTP/1.1" 200 -
2025-12-10 17:15:19,185 [INFO] tasks_update: Task 4983 updated by 123456789
2025-12-10 17:15:19,185 [INFO] werkzeug: 127.0.0.1 - - [10/Dec/2025 17:15:19] "PUT /api/tasks/4983 HTTP/1.1" 200 -
2025-12-10 17:15:21,211 [INFO] docs_create: Doc 2051 created by 123456789
2025-12-10 17:15:21,212 [INFO] werkzeug: 127.0.0.1 - - [10/Dec/2025 17:15:21] "[35m[1mPOST /api/docs HTTP/1.1[0m" 201 -
2025-12-10 17:15:23,266 [INFO] werkzeug: 127.0.0.1 - - [10/Dec/2025 17:15:23] "GET /api/docs HTTP/1.1" 200 -
2025-12-10 17:15:25,311 [INFO] werkzeug: 127.0.0.1 - - [10/Dec/2025 17:15:25] "PUT /api/docs/2051 HTTP/1.1" 200 -
2025-12-10 17:15:27,331 [INFO] events_create: Event 1503 created by user 123456789
2025-12-10 17:15:27,332 [INFO] werkzeug: 127.0.0.1 - - [10/Dec/2025 17:15:27] "[35m[1mPOST /api/calendar/events HTTP/1.1[0m" 201 -
2025-12-10 17:15:29,385 [INFO] werkzeug: 127.0.0.1 - - [10/Dec/2025 17:15:29] "GET /api/calendar/events HTTP/1.1" 200 -
2025-12-10 17:15:31,498 [INFO] tasks_delete: Task 4983 deleted by 123456789
2025-12-10 17:15:31,498 [INFO] werkzeug: 127.0.0.1 - - [10/Dec/2025 17:15:31] "DELETE /api/tasks/4983 HTTP/1.1" 200 -
2025-12-10 17:15:33,536 [INFO] root: [MOCK NOTIFICATION] To 123456789: Тестовое уведомление от сервера
2025-12-10 17:15:33,536 [INFO] telegram_notify: Notification sent to chat 123456789
2025-12-10 17:15:33,537 [INFO] werkzeug: 127.0.0.1 - - [10/Dec/2025 17:15:33] "POST /api/telegram/notify HTTP/1.1" 200 -
2025-12-10 17:16:51,991 [INFO] werkzeug:  * Detected change in 'C:\\Users\\USER\\Desktop\\CaseK2NeuroTechDevelopmentAssistant_K11\\server\\test_client.py', reloading
2025-12-10 17:16:52,042 [INFO] werkzeug:  * Restarting with stat
2025-12-10 17:16:52,384 [INFO] app: Registered route: POST /api/telegram/auth → telegram_auth
2025-12-10 17:16:52,385 [INFO] app: Registered route: POST /api/telegram/notify → telegram_notify
2025-12-10 17:16:52,386 [INFO] app: Registered route: GET /api/tasks → tasks_list
2025-12-10 17:16:52,387 [INFO] app: Registered route: POST /api/tasks → tasks_create
2025-12-10 17:16:52,388 [INFO] app: Registered route: PUT /api/tasks/<int:id> → tasks_update
2025-12-10 17:16:52,389 [INFO] app: Registered route: DELETE /api/tasks/<int:id> → tasks_delete
2025-12-10 17:16:52,391 [INFO] app: Registered route: GET /api/docs → docs_list
2025-12-10 17:16:52,392 [INFO] app: Registered route: POST /api/docs → docs_create
2025-12-10 17:16:52,394 [INFO] app: Registered route: PUT /api/docs/<int:id> → docs_update
2025-12-10 17:16:52,395 [INFO] app: Registered route: GET /api/calendar/events → events_list
2025-12-10 17:16:52,397 [INFO] app: Registered route: POST /api/calendar/events → events_create
2025-12-10 17:16:52,398 [INFO] app: Registered route: GET /api/users → users_list
2025-12-10 17:16:52,398 [INFO] app: Registered route: POST /api/users → users_create
2025-12-10 17:16:52,416 [WARNING] werkzeug:  * Debugger is active!
2025-12-10 17:16:52,418 [INFO] werkzeug:  * Debugger PIN: 108-000-919
2025-12-10 17:16:53,474 [INFO] werkzeug:  * Detected change in 'C:\\Users\\USER\\Desktop\\CaseK2NeuroTechDevelopmentAssistant_K11\\server\\test_client.py', reloading
2025-12-10 17:16:53,521 [INFO] werkzeug:  * Restarting with stat
2025-12-10 17:16:53,819 [INFO] app: Registered route: POST /api/telegram/auth → telegram_auth
2025-12-10 17:16:53,820 [INFO] app: Registered route: POST /api/telegram/notify → telegram_notify
2025-12-10 17:16:53,821 [INFO] app: Registered route: GET /api/tasks → tasks_list
2025-12-10 17:16:53,822 [INFO] app: Registered route: POST /api/tasks → tasks_create
2025-12-10 17:16:53,823 [INFO] app: Registered route: PUT /api/tasks/<int:id> → tasks_update
2025-12-10 17:16:53,824 [INFO] app: Registered route: DELETE /api/tasks/<int:id> → tasks_delete
2025-12-10 17:16:53,826 [INFO] app: Registered route: GET /api/docs → docs_list
2025-12-10 17:16:53,827 [INFO] app: Registered route: POST /api/docs → docs_create
2025-12-10 17:16:53,828 [INFO] app: Registered route: PUT /api/docs/<int:id> → docs_update
2025-12-10 17:16:53,829 [INFO] app: Registered route: GET /api/calendar/events → events_list
2025-12-10 17:16:53,829 [INFO] app: Registered route: POST /api/calendar/events → events_create
2025-12-10 17:16:53,830 [INFO] app: Registered route: GET /api/users → users_list
2025-12-10 17:16:53,831 [INFO] app: Registered route: POST /api/users → users_create
2025-12-10 17:16:53,848 [WARNING] werkzeug:  * Debugger is active!
2025-12-10 17:16:53,852 [INFO] werkzeug:  * Debugger PIN: 108-000-919
2025-12-10 17:17:01,649 [INFO] telegram_auth: Authenticated user: 12
2025-12-10 17:17:01,649 [INFO] werkzeug: 127.0.0.1 - - [10/Dec/2025 17:17:01] "POST /api/telegram/auth HTTP/1.1" 200 -
2025-12-10 17:22:59,520 [INFO] app: Registered route: POST /api/telegram/auth → telegram_auth
2025-12-10 17:22:59,522 [INFO] app: Registered route: POST /api/telegram/notify → telegram_notify
2025-12-10 17:22:59,524 [INFO] app: Registered route: GET /api/tasks → tasks_list
2025-12-10 17:22:59,525 [INFO] app: Registered route: POST /api/tasks → tasks_create
2025-12-10 17:22:59,527 [INFO] app: Registered route: PUT /api/tasks/<int:id> → tasks_update
2025-12-10 17:22:59,528 [INFO] app: Registered route: DELETE /api/tasks/<int:id> → tasks_delete
2025-12-10 17:22:59,530 [INFO] app: Registered route: GET /api/docs → docs_list
2025-12-10 17:22:59,532 [INFO] app: Registered route: POST /api/docs → docs_create
2025-12-10 17:22:59,533 [INFO] app: Registered route: PUT /api/docs/<int:id> → docs_update
2025-12-10 17:22:59,535 [INFO] app: Registered route: GET /api/calendar/events → events_list
2025-12-10 17:22:59,537 [INFO] app: Registered route: POST /api/calendar/events → events_create
2025-12-10 17:22:59,538 [INFO] app: Registered route: GET /api/users → users_list
2025-12-10 17:22:59,539 [INFO] app: Registered route: POST /api/users → users_create
2025-12-10 17:22:59,589 [INFO] werkzeug: [31m[1mWARNING: This is a development server. Do not use it in a production deployment. Use a production WSGI server instead.[0m
 * Running on all addresses (0.0.0.0)
 * Running on http://127.0.0.1:5000
 * Running on http://192.168.1.139:5000
2025-12-10 17:22:59,589 [INFO] werkzeug: [33mPress CTRL+C to quit[0m
2025-12-10 17:22:59,592 [INFO] werkzeug:  * Restarting with stat
2025-12-10 17:23:00,102 [INFO] app: Registered route: POST /api/telegram/auth → telegram_auth
2025-12-10 17:23:00,104 [INFO] app: Registered route: POST /api/telegram/notify → telegram_notify
2025-12-10 17:23:00,107 [INFO] app: Registered route: GET /api/tasks → tasks_list
2025-12-10 17:23:00,109 [INFO] app: Registered route: POST /api/tasks → tasks_create
2025-12-10 17:23:00,111 [INFO] app: Registered route: PUT /api/tasks/<int:id> → tasks_update
2025-12-10 17:23:00,113 [INFO] app: Registered route: DELETE /api/tasks/<int:id> → tasks_delete
2025-12-10 17:23:00,116 [INFO] app: Registered route: GET /api/docs → docs_list
2025-12-10 17:23:00,118 [INFO] app: Registered route: POST /api/docs → docs_create
2025-12-10 17:23:00,120 [INFO] app: Registered route: PUT /api/docs/<int:id> → docs_update
2025-12-10 17:23:00,123 [INFO] app: Registered route: GET /api/calendar/events → events_list
2025-12-10 17:23:00,124 [INFO] app: Registered route: POST /api/calendar/events → events_create
2025-12-10 17:23:00,126 [INFO] app: Registered route: GET /api/users → users_list
2025-12-10 17:23:00,128 [INFO] app: Registered route: POST /api/users → users_create
2025-12-10 17:23:00,161 [WARNING] werkzeug:  * Debugger is active!
2025-12-10 17:23:00,166 [INFO] werkzeug:  * Debugger PIN: 108-000-919
2025-12-10 17:23:05,919 [INFO] telegram_auth: Authenticated user: 12
2025-12-10 17:23:05,920 [INFO] werkzeug: 127.0.0.1 - - [10/Dec/2025 17:23:05] "POST /api/telegram/auth HTTP/1.1" 200 -
2025-12-10 17:23:08,004 [INFO] tasks_create: Task 4983 created by 12
2025-12-10 17:23:08,004 [INFO] werkzeug: 127.0.0.1 - - [10/Dec/2025 17:23:08] "[35m[1mPOST /api/tasks HTTP/1.1[0m" 201 -
2025-12-10 17:23:10,127 [INFO] werkzeug: 127.0.0.1 - - [10/Dec/2025 17:23:10] "GET /api/tasks HTTP/1.1" 200 -
2025-12-10 17:23:12,267 [INFO] tasks_update: Task 4983 updated by 12
2025-12-10 17:23:12,267 [INFO] werkzeug: 127.0.0.1 - - [10/Dec/2025 17:23:12] "PUT /api/tasks/4983 HTTP/1.1" 200 -
2025-12-10 17:23:14,332 [INFO] docs_create: Doc 2052 created by 12
2025-12-10 17:23:14,333 [INFO] werkzeug: 127.0.0.1 - - [10/Dec/2025 17:23:14] "[35m[1mPOST /api/docs HTTP/1.1[0m" 201 -
2025-12-10 17:23:16,407 [INFO] werkzeug: 127.0.0.1 - - [10/Dec/2025 17:23:16] "GET /api/docs HTTP/1.1" 200 -
2025-12-10 17:23:18,468 [INFO] werkzeug: 127.0.0.1 - - [10/Dec/2025 17:23:18] "PUT /api/docs/2052 HTTP/1.1" 200 -
2025-12-10 17:23:20,505 [INFO] events_create: Event 1504 created by user 12
2025-12-10 17:23:20,505 [INFO] werkzeug: 127.0.0.1 - - [10/Dec/2025 17:23:20] "[35m[1mPOST /api/calendar/events HTTP/1.1[0m" 201 -
2025-12-10 17:23:22,542 [INFO] werkzeug: 127.0.0.1 - - [10/Dec/2025 17:23:22] "GET /api/calendar/events HTTP/1.1" 200 -
2025-12-10 17:23:24,649 [INFO] tasks_delete: Task 4983 deleted by 12
2025-12-10 17:23:24,650 [INFO] werkzeug: 127.0.0.1 - - [10/Dec/2025 17:23:24] "DELETE /api/tasks/4983 HTTP/1.1" 200 -
2025-12-10 17:23:26,698 [INFO] root: [MOCK NOTIFICATION] To 123456789: Тестовое уведомление от сервера
2025-12-10 17:23:26,699 [INFO] telegram_notify: Notification sent to chat 123456789
2025-12-10 17:23:26,700 [INFO] werkzeug: 127.0.0.1 - - [10/Dec/2025 17:23:26] "POST /api/telegram/notify HTTP/1.1" 200 -
2025-12-10 17:23:43,319 [INFO] werkzeug:  * Detected change in 'C:\\Users\\USER\\Desktop\\CaseK2NeuroTechDevelopmentAssistant_K11\\server\\test_client.py', reloading
2025-12-10 17:23:43,369 [INFO] werkzeug:  * Restarting with stat
2025-12-10 17:23:43,841 [INFO] app: Registered route: POST /api/telegram/auth → telegram_auth
2025-12-10 17:23:43,843 [INFO] app: Registered route: POST /api/telegram/notify → telegram_notify
2025-12-10 17:23:43,845 [INFO] app: Registered route: GET /api/tasks → tasks_list
2025-12-10 17:23:43,846 [INFO] app: Registered route: POST /api/tasks → tasks_create
2025-12-10 17:23:43,848 [INFO] app: Registered route: PUT /api/tasks/<int:id> → tasks_update
2025-12-10 17:23:43,851 [INFO] app: Registered route: DELETE /api/tasks/<int:id> → tasks_delete
2025-12-10 17:23:43,854 [INFO] app: Registered route: GET /api/docs → docs_list
2025-12-10 17:23:43,855 [INFO] app: Registered route: POST /api/docs → docs_create
2025-12-10 17:23:43,857 [INFO] app: Registered route: PUT /api/docs/<int:id> → docs_update
2025-12-10 17:23:43,858 [INFO] app: Registered route: GET /api/calendar/events → events_list
2025-12-10 17:23:43,859 [INFO] app: Registered route: POST /api/calendar/events → events_create
2025-12-10 17:23:43,861 [INFO] app: Registered route: GET /api/users → users_list
2025-12-10 17:23:43,862 [INFO] app: Registered route: POST /api/users → users_create
2025-12-10 17:23:43,887 [WARNING] werkzeug:  * Debugger is active!
2025-12-10 17:23:43,890 [INFO] werkzeug:  * Debugger PIN: 108-000-919
2025-12-10 17:23:49,791 [WARNING] telegram_auth: Auth failed for telegram_user_id=145454542
2025-12-10 17:23:49,792 [INFO] werkzeug: 127.0.0.1 - - [10/Dec/2025 17:23:49] "[33mPOST /api/telegram/auth HTTP/1.1[0m" 404 -
2025-12-10 17:41:48,837 [INFO] werkzeug:  * Detected change in 'C:\\Users\\USER\\Desktop\\CaseK2NeuroTechDevelopmentAssistant_K11\\server\\test\\init_csv.py', reloading
2025-12-10 17:41:48,926 [INFO] werkzeug:  * Restarting with stat
2025-12-10 17:41:49,741 [INFO] app: Registered route: POST /api/telegram/auth → telegram_auth
2025-12-10 17:41:49,743 [INFO] app: Registered route: POST /api/telegram/notify → telegram_notify
2025-12-10 17:41:49,745 [INFO] app: Registered route: GET /api/tasks → tasks_list
2025-12-10 17:41:49,747 [INFO] app: Registered route: POST /api/tasks → tasks_create
2025-12-10 17:41:49,750 [INFO] app: Registered route: PUT /api/tasks/<int:id> → tasks_update
2025-12-10 17:41:49,752 [INFO] app: Registered route: DELETE /api/tasks/<int:id> → tasks_delete
2025-12-10 17:41:49,756 [INFO] app: Registered route: GET /api/docs → docs_list
2025-12-10 17:41:49,758 [INFO] app: Registered route: POST /api/docs → docs_create
2025-12-10 17:41:49,760 [INFO] app: Registered route: PUT /api/docs/<int:id> → docs_update
2025-12-10 17:41:49,763 [INFO] app: Registered route: GET /api/calendar/events → events_list
2025-12-10 17:41:49,765 [INFO] app: Registered route: POST /api/calendar/events → events_create
2025-12-10 17:41:49,767 [INFO] app: Registered route: GET /api/users → users_list
2025-12-10 17:41:49,769 [INFO] app: Registered route: POST /api/users → users_create
2025-12-10 17:41:49,810 [WARNING] werkzeug:  * Debugger is active!
2025-12-10 17:41:49,815 [INFO] werkzeug:  * Debugger PIN: 108-000-919
2025-12-10 17:50:04,191 [INFO] werkzeug:  * Detected change in 'C:\\Users\\USER\\Desktop\\CaseK2NeuroTechDevelopmentAssistant_K11\\server\\logger.py', reloading
2025-12-10 17:50:04,303 [INFO] werkzeug:  * Restarting with stat
2025-12-10 17:50:05,029 [INFO] app: Registered route: POST /api/telegram/auth → telegram_auth
2025-12-10 17:50:05,032 [INFO] app: Registered route: POST /api/telegram/notify → telegram_notify
2025-12-10 17:50:05,035 [INFO] app: Registered route: GET /api/tasks → tasks_list
2025-12-10 17:50:05,037 [INFO] app: Registered route: POST /api/tasks → tasks_create
2025-12-10 17:50:05,041 [INFO] app: Registered route: PUT /api/tasks/<int:id> → tasks_update
2025-12-10 17:50:05,043 [INFO] app: Registered route: DELETE /api/tasks/<int:id> → tasks_delete
2025-12-10 17:50:05,047 [INFO] app: Registered route: GET /api/docs → docs_list
2025-12-10 17:50:05,050 [INFO] app: Registered route: POST /api/docs → docs_create
2025-12-10 17:50:05,052 [INFO] app: Registered route: PUT /api/docs/<int:id> → docs_update
2025-12-10 17:50:05,056 [INFO] app: Registered route: GET /api/calendar/events → events_list
2025-12-10 17:50:05,058 [INFO] app: Registered route: POST /api/calendar/events → events_create
2025-12-10 17:50:05,061 [INFO] app: Registered route: GET /api/users → users_list
2025-12-10 17:50:05,063 [INFO] app: Registered route: POST /api/users → users_create
2025-12-10 17:50:05,098 [WARNING] werkzeug:  * Debugger is active!
2025-12-10 17:50:05,103 [INFO] werkzeug:  * Debugger PIN: 108-000-919
2025-12-10 17:51:11,881 [INFO] werkzeug:  * Detected change in 'C:\\Users\\USER\\Desktop\\CaseK2NeuroTechDevelopmentAssistant_K11\\server\\app.py', reloading
2025-12-10 17:51:11,937 [INFO] werkzeug:  * Restarting with stat
2025-12-10 17:51:13,350 [INFO] app: Registered route: POST /api/telegram/auth → telegram_auth
2025-12-10 17:51:13,352 [INFO] app: Registered route: POST /api/telegram/notify → telegram_notify
2025-12-10 17:51:13,357 [INFO] app: Registered route: GET /api/tasks → tasks_list
2025-12-10 17:51:13,361 [INFO] app: Registered route: POST /api/tasks → tasks_create
2025-12-10 17:51:13,363 [INFO] app: Registered route: PUT /api/tasks/<int:id> → tasks_update
2025-12-10 17:51:13,366 [INFO] app: Registered route: DELETE /api/tasks/<int:id> → tasks_delete
2025-12-10 17:51:13,369 [INFO] app: Registered route: GET /api/docs → docs_list
2025-12-10 17:51:13,372 [INFO] app: Registered route: POST /api/docs → docs_create
2025-12-10 17:51:13,375 [INFO] app: Registered route: PUT /api/docs/<int:id> → docs_update
2025-12-10 17:51:13,378 [INFO] app: Registered route: GET /api/calendar/events → events_list
2025-12-10 17:51:13,382 [INFO] app: Registered route: POST /api/calendar/events → events_create
2025-12-10 17:51:13,384 [INFO] app: Registered route: GET /api/users → users_list
2025-12-10 17:51:13,387 [INFO] app: Registered route: POST /api/users → users_create
2025-12-10 17:51:13,434 [WARNING] werkzeug:  * Debugger is active!
2025-12-10 17:51:13,439 [INFO] werkzeug:  * Debugger PIN: 108-000-919
2025-12-10 17:53:28,587 [INFO] werkzeug:  * Detected change in 'C:\\Users\\USER\\Desktop\\CaseK2NeuroTechDevelopmentAssistant_K11\\server\\modules\\users.py', reloading
2025-12-10 17:53:28,635 [INFO] werkzeug:  * Restarting with stat
2025-12-10 17:53:29,533 [INFO] app: Registered route: POST /api/telegram/auth → telegram_auth
2025-12-10 17:53:29,536 [INFO] app: Registered route: POST /api/telegram/notify → telegram_notify
2025-12-10 17:53:29,546 [INFO] app: Registered route: GET /api/tasks → tasks_list
2025-12-10 17:53:29,550 [INFO] app: Registered route: POST /api/tasks → tasks_create
2025-12-10 17:53:29,554 [INFO] app: Registered route: PUT /api/tasks/<int:id> → tasks_update
2025-12-10 17:53:29,565 [INFO] app: Registered route: DELETE /api/tasks/<int:id> → tasks_delete
2025-12-10 17:53:29,569 [INFO] app: Registered route: GET /api/docs → docs_list
2025-12-10 17:53:29,572 [INFO] app: Registered route: POST /api/docs → docs_create
2025-12-10 17:53:29,575 [INFO] app: Registered route: PUT /api/docs/<int:id> → docs_update
2025-12-10 17:53:29,579 [INFO] app: Registered route: GET /api/calendar/events → events_list
2025-12-10 17:53:29,582 [INFO] app: Registered route: POST /api/calendar/events → events_create
2025-12-10 17:53:29,584 [INFO] app: Registered route: GET /api/users → users_list
2025-12-10 17:53:29,602 [INFO] app: Registered route: POST /api/users → users_create
2025-12-10 17:53:29,670 [WARNING] werkzeug:  * Debugger is active!
2025-12-10 17:53:29,680 [INFO] werkzeug:  * Debugger PIN: 108-000-919
2025-12-10 17:55:05,216 [INFO] werkzeug:  * Detected change in 'C:\\Users\\USER\\Desktop\\CaseK2NeuroTechDevelopmentAssistant_K11\\server\\modules\\tasks.py', reloading
2025-12-10 17:55:05,333 [INFO] werkzeug:  * Restarting with stat
2025-12-10 17:55:05,998 [INFO] app: Registered route: POST /api/telegram/auth → telegram_auth
2025-12-10 17:55:06,000 [INFO] app: Registered route: POST /api/telegram/notify → telegram_notify
2025-12-10 17:55:06,007 [INFO] app: Registered route: GET /api/tasks → tasks_list
2025-12-10 17:55:06,009 [INFO] app: Registered route: POST /api/tasks → tasks_create
2025-12-10 17:55:06,011 [INFO] app: Registered route: PUT /api/tasks/<int:id> → tasks_update
2025-12-10 17:55:06,013 [INFO] app: Registered route: DELETE /api/tasks/<int:id> → tasks_delete
2025-12-10 17:55:06,015 [INFO] app: Registered route: GET /api/docs → docs_list
2025-12-10 17:55:06,017 [INFO] app: Registered route: POST /api/docs → docs_create
2025-12-10 17:55:06,019 [INFO] app: Registered route: PUT /api/docs/<int:id> → docs_update
2025-12-10 17:55:06,020 [INFO] app: Registered route: GET /api/calendar/events → events_list
2025-12-10 17:55:06,022 [INFO] app: Registered route: POST /api/calendar/events → events_create
2025-12-10 17:55:06,024 [INFO] app: Registered route: GET /api/users → users_list
2025-12-10 17:55:06,026 [INFO] app: Registered route: POST /api/users → users_create
2025-12-10 17:55:06,066 [WARNING] werkzeug:  * Debugger is active!
2025-12-10 17:55:06,070 [INFO] werkzeug:  * Debugger PIN: 108-000-919
2025-12-10 17:56:11,412 [INFO] werkzeug:  * Detected change in 'C:\\Users\\USER\\Desktop\\CaseK2NeuroTechDevelopmentAssistant_K11\\server\\modules\\events.py', reloading
2025-12-10 17:56:11,460 [INFO] werkzeug:  * Restarting with stat
2025-12-10 17:56:11,980 [INFO] app: Registered route: POST /api/telegram/auth → telegram_auth
2025-12-10 17:56:11,982 [INFO] app: Registered route: POST /api/telegram/notify → telegram_notify
2025-12-10 17:56:11,985 [INFO] app: Registered route: GET /api/tasks → tasks_list
2025-12-10 17:56:11,986 [INFO] app: Registered route: POST /api/tasks → tasks_create
2025-12-10 17:56:11,988 [INFO] app: Registered route: PUT /api/tasks/<int:id> → tasks_update
2025-12-10 17:56:11,992 [INFO] app: Registered route: DELETE /api/tasks/<int:id> → tasks_delete
2025-12-10 17:56:11,995 [INFO] app: Registered route: GET /api/docs → docs_list
2025-12-10 17:56:11,998 [INFO] app: Registered route: POST /api/docs → docs_create
2025-12-10 17:56:12,000 [INFO] app: Registered route: PUT /api/docs/<int:id> → docs_update
2025-12-10 17:56:12,007 [INFO] app: Registered route: GET /api/calendar/events → events_list
2025-12-10 17:56:12,008 [INFO] app: Registered route: POST /api/calendar/events → events_create
2025-12-10 17:56:12,010 [INFO] app: Registered route: GET /api/users → users_list
2025-12-10 17:56:12,012 [INFO] app: Registered route: POST /api/users → users_create
2025-12-10 17:56:12,050 [WARNING] werkzeug:  * Debugger is active!
2025-12-10 17:56:12,056 [INFO] werkzeug:  * Debugger PIN: 108-000-919
2025-12-10 18:03:48,360 [INFO] werkzeug:  * Detected change in 'C:\\Users\\USER\\Desktop\\CaseK2NeuroTechDevelopmentAssistant_K11\\server\\modules\\docs.py', reloading
2025-12-10 18:03:48,437 [INFO] werkzeug:  * Restarting with stat
2025-12-10 18:03:48,793 [INFO] app: Registered route: POST /api/telegram/auth → telegram_auth
2025-12-10 18:03:48,794 [INFO] app: Registered route: POST /api/telegram/notify → telegram_notify
2025-12-10 18:03:48,796 [INFO] app: Registered route: GET /api/tasks → tasks_list
2025-12-10 18:03:48,796 [INFO] app: Registered route: POST /api/tasks → tasks_create
2025-12-10 18:03:48,798 [INFO] app: Registered route: PUT /api/tasks/<int:id> → tasks_update
2025-12-10 18:03:48,799 [INFO] app: Registered route: DELETE /api/tasks/<int:id> → tasks_delete
2025-12-10 18:03:48,803 [INFO] app: Registered route: GET /api/docs → docs_list
2025-12-10 18:03:48,804 [INFO] app: Registered route: POST /api/docs → docs_create
2025-12-10 18:03:48,805 [INFO] app: Registered route: PUT /api/docs/<int:id> → docs_update
2025-12-10 18:03:48,807 [INFO] app: Registered route: GET /api/calendar/events → events_list
2025-12-10 18:03:48,808 [INFO] app: Registered route: POST /api/calendar/events → events_create
2025-12-10 18:03:48,809 [INFO] app: Registered route: GET /api/users → users_list
2025-12-10 18:03:48,811 [INFO] app: Registered route: POST /api/users → users_create
2025-12-10 18:03:48,834 [WARNING] werkzeug:  * Debugger is active!
2025-12-10 18:03:48,838 [INFO] werkzeug:  * Debugger PIN: 108-000-919
2025-12-10 18:04:38,980 [INFO] werkzeug:  * Detected change in 'C:\\Users\\USER\\Desktop\\CaseK2NeuroTechDevelopmentAssistant_K11\\server\\handlers\\users_list.py', reloading
2025-12-10 18:04:39,047 [INFO] werkzeug:  * Restarting with stat
2025-12-10 18:04:39,657 [INFO] app: Registered route: POST /api/telegram/auth → telegram_auth
2025-12-10 18:04:39,658 [INFO] app: Registered route: POST /api/telegram/notify → telegram_notify
2025-12-10 18:04:39,660 [INFO] app: Registered route: GET /api/tasks → tasks_list
2025-12-10 18:04:39,661 [INFO] app: Registered route: POST /api/tasks → tasks_create
2025-12-10 18:04:39,663 [INFO] app: Registered route: PUT /api/tasks/<int:id> → tasks_update
2025-12-10 18:04:39,664 [INFO] app: Registered route: DELETE /api/tasks/<int:id> → tasks_delete
2025-12-10 18:04:39,666 [INFO] app: Registered route: GET /api/docs → docs_list
2025-12-10 18:04:39,668 [INFO] app: Registered route: POST /api/docs → docs_create
2025-12-10 18:04:39,669 [INFO] app: Registered route: PUT /api/docs/<int:id> → docs_update
2025-12-10 18:04:39,671 [INFO] app: Registered route: GET /api/calendar/events → events_list
2025-12-10 18:04:39,672 [INFO] app: Registered route: POST /api/calendar/events → events_create
2025-12-10 18:04:39,676 [INFO] app: Registered route: GET /api/users → users_list
2025-12-10 18:04:39,677 [INFO] app: Registered route: POST /api/users → users_create
2025-12-10 18:04:39,708 [WARNING] werkzeug:  * Debugger is active!
2025-12-10 18:04:39,713 [INFO] werkzeug:  * Debugger PIN: 108-000-919
2025-12-10 18:06:29,189 [INFO] werkzeug:  * Detected change in 'C:\\Users\\USER\\Desktop\\CaseK2NeuroTechDevelopmentAssistant_K11\\server\\handlers\\users_create.py', reloading
2025-12-10 18:06:29,231 [INFO] werkzeug:  * Restarting with stat
2025-12-10 18:06:29,558 [INFO] app: Registered route: POST /api/telegram/auth → telegram_auth
2025-12-10 18:06:29,560 [INFO] app: Registered route: POST /api/telegram/notify → telegram_notify
2025-12-10 18:06:29,562 [INFO] app: Registered route: GET /api/tasks → tasks_list
2025-12-10 18:06:29,563 [INFO] app: Registered route: POST /api/tasks → tasks_create
2025-12-10 18:06:29,564 [INFO] app: Registered route: PUT /api/tasks/<int:id> → tasks_update
2025-12-10 18:06:29,565 [INFO] app: Registered route: DELETE /api/tasks/<int:id> → tasks_delete
2025-12-10 18:06:29,567 [INFO] app: Registered route: GET /api/docs → docs_list
2025-12-10 18:06:29,568 [INFO] app: Registered route: POST /api/docs → docs_create
2025-12-10 18:06:29,569 [INFO] app: Registered route: PUT /api/docs/<int:id> → docs_update
2025-12-10 18:06:29,570 [INFO] app: Registered route: GET /api/calendar/events → events_list
2025-12-10 18:06:29,571 [INFO] app: Registered route: POST /api/calendar/events → events_create
2025-12-10 18:06:29,572 [INFO] app: Registered route: GET /api/users → users_list
2025-12-10 18:06:29,574 [INFO] app: Registered route: POST /api/users → users_create
2025-12-10 18:06:29,593 [WARNING] werkzeug:  * Debugger is active!
2025-12-10 18:06:29,596 [INFO] werkzeug:  * Debugger PIN: 108-000-919
2025-12-10 18:07:17,667 [INFO] werkzeug:  * Detected change in 'C:\\Users\\USER\\Desktop\\CaseK2NeuroTechDevelopmentAssistant_K11\\server\\handlers\\telegram_notify.py', reloading
2025-12-10 18:07:17,769 [INFO] werkzeug:  * Restarting with stat
2025-12-10 18:07:18,434 [INFO] app: Registered route: POST /api/telegram/auth → telegram_auth
2025-12-10 18:07:18,438 [INFO] app: Registered route: POST /api/telegram/notify → telegram_notify
2025-12-10 18:07:18,441 [INFO] app: Registered route: GET /api/tasks → tasks_list
2025-12-10 18:07:18,442 [INFO] app: Registered route: POST /api/tasks → tasks_create
2025-12-10 18:07:18,444 [INFO] app: Registered route: PUT /api/tasks/<int:id> → tasks_update
2025-12-10 18:07:18,446 [INFO] app: Registered route: DELETE /api/tasks/<int:id> → tasks_delete
2025-12-10 18:07:18,449 [INFO] app: Registered route: GET /api/docs → docs_list
2025-12-10 18:07:18,451 [INFO] app: Registered route: POST /api/docs → docs_create
2025-12-10 18:07:18,453 [INFO] app: Registered route: PUT /api/docs/<int:id> → docs_update
2025-12-10 18:07:18,456 [INFO] app: Registered route: GET /api/calendar/events → events_list
2025-12-10 18:07:18,457 [INFO] app: Registered route: POST /api/calendar/events → events_create
2025-12-10 18:07:18,459 [INFO] app: Registered route: GET /api/users → users_list
2025-12-10 18:07:18,461 [INFO] app: Registered route: POST /api/users → users_create
2025-12-10 18:07:18,491 [WARNING] werkzeug:  * Debugger is active!
2025-12-10 18:07:18,498 [INFO] werkzeug:  * Debugger PIN: 108-000-919
2025-12-10 18:08:20,866 [INFO] werkzeug:  * Detected change in 'C:\\Users\\USER\\Desktop\\CaseK2NeuroTechDevelopmentAssistant_K11\\server\\handlers\\telegram_auth.py', reloading
2025-12-10 18:08:20,906 [INFO] werkzeug:  * Restarting with stat
2025-12-10 18:08:21,266 [INFO] app: Registered route: POST /api/telegram/auth → telegram_auth
2025-12-10 18:08:21,267 [INFO] app: Registered route: POST /api/telegram/notify → telegram_notify
2025-12-10 18:08:21,269 [INFO] app: Registered route: GET /api/tasks → tasks_list
2025-12-10 18:08:21,271 [INFO] app: Registered route: POST /api/tasks → tasks_create
2025-12-10 18:08:21,272 [INFO] app: Registered route: PUT /api/tasks/<int:id> → tasks_update
2025-12-10 18:08:21,273 [INFO] app: Registered route: DELETE /api/tasks/<int:id> → tasks_delete
2025-12-10 18:08:21,275 [INFO] app: Registered route: GET /api/docs → docs_list
2025-12-10 18:08:21,276 [INFO] app: Registered route: POST /api/docs → docs_create
2025-12-10 18:08:21,278 [INFO] app: Registered route: PUT /api/docs/<int:id> → docs_update
2025-12-10 18:08:21,279 [INFO] app: Registered route: GET /api/calendar/events → events_list
2025-12-10 18:08:21,281 [INFO] app: Registered route: POST /api/calendar/events → events_create
2025-12-10 18:08:21,282 [INFO] app: Registered route: GET /api/users → users_list
2025-12-10 18:08:21,284 [INFO] app: Registered route: POST /api/users → users_create
2025-12-10 18:08:21,305 [WARNING] werkzeug:  * Debugger is active!
2025-12-10 18:08:21,308 [INFO] werkzeug:  * Debugger PIN: 108-000-919
2025-12-10 18:10:41,586 [INFO] werkzeug:  * Detected change in 'C:\\Users\\USER\\Desktop\\CaseK2NeuroTechDevelopmentAssistant_K11\\server\\handlers\\tasks_update.py', reloading
2025-12-10 18:10:41,632 [INFO] werkzeug:  * Restarting with stat
2025-12-10 18:10:42,001 [INFO] app: Registered route: POST /api/telegram/auth → telegram_auth
2025-12-10 18:10:42,002 [INFO] app: Registered route: POST /api/telegram/notify → telegram_notify
2025-12-10 18:10:42,003 [INFO] app: Registered route: GET /api/tasks → tasks_list
2025-12-10 18:10:42,004 [INFO] app: Registered route: POST /api/tasks → tasks_create
2025-12-10 18:10:42,007 [INFO] app: Registered route: PUT /api/tasks/<int:id> → tasks_update
2025-12-10 18:10:42,008 [INFO] app: Registered route: DELETE /api/tasks/<int:id> → tasks_delete
2025-12-10 18:10:42,009 [INFO] app: Registered route: GET /api/docs → docs_list
2025-12-10 18:10:42,010 [INFO] app: Registered route: POST /api/docs → docs_create
2025-12-10 18:10:42,012 [INFO] app: Registered route: PUT /api/docs/<int:id> → docs_update
2025-12-10 18:10:42,013 [INFO] app: Registered route: GET /api/calendar/events → events_list
2025-12-10 18:10:42,014 [INFO] app: Registered route: POST /api/calendar/events → events_create
2025-12-10 18:10:42,016 [INFO] app: Registered route: GET /api/users → users_list
2025-12-10 18:10:42,017 [INFO] app: Registered route: POST /api/users → users_create
2025-12-10 18:10:42,045 [WARNING] werkzeug:  * Debugger is active!
2025-12-10 18:10:42,048 [INFO] werkzeug:  * Debugger PIN: 108-000-919
2025-12-10 18:11:52,684 [INFO] werkzeug:  * Detected change in 'C:\\Users\\USER\\Desktop\\CaseK2NeuroTechDevelopmentAssistant_K11\\server\\handlers\\tasks_list.py', reloading
2025-12-10 18:11:52,722 [INFO] werkzeug:  * Restarting with stat
2025-12-10 18:11:53,048 [INFO] app: Registered route: POST /api/telegram/auth → telegram_auth
2025-12-10 18:11:53,049 [INFO] app: Registered route: POST /api/telegram/notify → telegram_notify
2025-12-10 18:11:53,052 [INFO] app: Registered route: GET /api/tasks → tasks_list
2025-12-10 18:11:53,053 [INFO] app: Registered route: POST /api/tasks → tasks_create
2025-12-10 18:11:53,054 [INFO] app: Registered route: PUT /api/tasks/<int:id> → tasks_update
2025-12-10 18:11:53,055 [INFO] app: Registered route: DELETE /api/tasks/<int:id> → tasks_delete
2025-12-10 18:11:53,056 [INFO] app: Registered route: GET /api/docs → docs_list
2025-12-10 18:11:53,057 [INFO] app: Registered route: POST /api/docs → docs_create
2025-12-10 18:11:53,058 [INFO] app: Registered route: PUT /api/docs/<int:id> → docs_update
2025-12-10 18:11:53,059 [INFO] app: Registered route: GET /api/calendar/events → events_list
2025-12-10 18:11:53,060 [INFO] app: Registered route: POST /api/calendar/events → events_create
2025-12-10 18:11:53,061 [INFO] app: Registered route: GET /api/users → users_list
2025-12-10 18:11:53,062 [INFO] app: Registered route: POST /api/users → users_create
2025-12-10 18:11:53,079 [WARNING] werkzeug:  * Debugger is active!
2025-12-10 18:11:53,081 [INFO] werkzeug:  * Debugger PIN: 108-000-919
2025-12-10 18:12:54,505 [INFO] werkzeug:  * Detected change in 'C:\\Users\\USER\\Desktop\\CaseK2NeuroTechDevelopmentAssistant_K11\\server\\handlers\\tasks_delete.py', reloading
2025-12-10 18:12:54,552 [INFO] werkzeug:  * Restarting with stat
2025-12-10 18:12:54,891 [INFO] app: Registered route: POST /api/telegram/auth → telegram_auth
2025-12-10 18:12:54,892 [INFO] app: Registered route: POST /api/telegram/notify → telegram_notify
2025-12-10 18:12:54,893 [INFO] app: Registered route: GET /api/tasks → tasks_list
2025-12-10 18:12:54,894 [INFO] app: Registered route: POST /api/tasks → tasks_create
2025-12-10 18:12:54,895 [INFO] app: Registered route: PUT /api/tasks/<int:id> → tasks_update
2025-12-10 18:12:54,897 [INFO] app: Registered route: DELETE /api/tasks/<int:id> → tasks_delete
2025-12-10 18:12:54,899 [INFO] app: Registered route: GET /api/docs → docs_list
2025-12-10 18:12:54,900 [INFO] app: Registered route: POST /api/docs → docs_create
2025-12-10 18:12:54,901 [INFO] app: Registered route: PUT /api/docs/<int:id> → docs_update
2025-12-10 18:12:54,902 [INFO] app: Registered route: GET /api/calendar/events → events_list
2025-12-10 18:12:54,903 [INFO] app: Registered route: POST /api/calendar/events → events_create
2025-12-10 18:12:54,904 [INFO] app: Registered route: GET /api/users → users_list
2025-12-10 18:12:54,905 [INFO] app: Registered route: POST /api/users → users_create
2025-12-10 18:12:54,922 [WARNING] werkzeug:  * Debugger is active!
2025-12-10 18:12:54,925 [INFO] werkzeug:  * Debugger PIN: 108-000-919
2025-12-10 18:14:14,835 [INFO] werkzeug:  * Detected change in 'C:\\Users\\USER\\Desktop\\CaseK2NeuroTechDevelopmentAssistant_K11\\server\\handlers\\tasks_create.py', reloading
2025-12-10 18:14:14,874 [INFO] werkzeug:  * Restarting with stat
2025-12-10 18:14:15,189 [INFO] app: Registered route: POST /api/telegram/auth → telegram_auth
2025-12-10 18:14:15,191 [INFO] app: Registered route: POST /api/telegram/notify → telegram_notify
2025-12-10 18:14:15,192 [INFO] app: Registered route: GET /api/tasks → tasks_list
2025-12-10 18:14:15,195 [INFO] app: Registered route: POST /api/tasks → tasks_create
2025-12-10 18:14:15,196 [INFO] app: Registered route: PUT /api/tasks/<int:id> → tasks_update
2025-12-10 18:14:15,197 [INFO] app: Registered route: DELETE /api/tasks/<int:id> → tasks_delete
2025-12-10 18:14:15,199 [INFO] app: Registered route: GET /api/docs → docs_list
2025-12-10 18:14:15,200 [INFO] app: Registered route: POST /api/docs → docs_create
2025-12-10 18:14:15,201 [INFO] app: Registered route: PUT /api/docs/<int:id> → docs_update
2025-12-10 18:14:15,203 [INFO] app: Registered route: GET /api/calendar/events → events_list
2025-12-10 18:14:15,204 [INFO] app: Registered route: POST /api/calendar/events → events_create
2025-12-10 18:14:15,205 [INFO] app: Registered route: GET /api/users → users_list
2025-12-10 18:14:15,206 [INFO] app: Registered route: POST /api/users → users_create
2025-12-10 18:14:15,231 [WARNING] werkzeug:  * Debugger is active!
2025-12-10 18:14:15,234 [INFO] werkzeug:  * Debugger PIN: 108-000-919
2025-12-10 18:15:19,784 [INFO] werkzeug:  * Detected change in 'C:\\Users\\USER\\Desktop\\CaseK2NeuroTechDevelopmentAssistant_K11\\server\\handlers\\events_list.py', reloading
2025-12-10 18:15:19,823 [INFO] werkzeug:  * Restarting with stat
2025-12-10 18:15:20,138 [INFO] app: Registered route: POST /api/telegram/auth → telegram_auth
2025-12-10 18:15:20,139 [INFO] app: Registered route: POST /api/telegram/notify → telegram_notify
2025-12-10 18:15:20,140 [INFO] app: Registered route: GET /api/tasks → tasks_list
2025-12-10 18:15:20,141 [INFO] app: Registered route: POST /api/tasks → tasks_create
2025-12-10 18:15:20,142 [INFO] app: Registered route: PUT /api/tasks/<int:id> → tasks_update
2025-12-10 18:15:20,143 [INFO] app: Registered route: DELETE /api/tasks/<int:id> → tasks_delete
2025-12-10 18:15:20,144 [INFO] app: Registered route: GET /api/docs → docs_list
2025-12-10 18:15:20,145 [INFO] app: Registered route: POST /api/docs → docs_create
2025-12-10 18:15:20,146 [INFO] app: Registered route: PUT /api/docs/<int:id> → docs_update
2025-12-10 18:15:20,149 [INFO] app: Registered route: GET /api/calendar/events → events_list
2025-12-10 18:15:20,150 [INFO] app: Registered route: POST /api/calendar/events → events_create
2025-12-10 18:15:20,151 [INFO] app: Registered route: GET /api/users → users_list
2025-12-10 18:15:20,152 [INFO] app: Registered route: POST /api/users → users_create
2025-12-10 18:15:20,169 [WARNING] werkzeug:  * Debugger is active!
2025-12-10 18:15:20,172 [INFO] werkzeug:  * Debugger PIN: 108-000-919
2025-12-10 18:16:33,140 [INFO] werkzeug:  * Detected change in 'C:\\Users\\USER\\Desktop\\CaseK2NeuroTechDevelopmentAssistant_K11\\server\\handlers\\events_create.py', reloading
2025-12-10 18:16:33,179 [INFO] werkzeug:  * Restarting with stat
2025-12-10 18:16:33,504 [INFO] app: Registered route: POST /api/telegram/auth → telegram_auth
2025-12-10 18:16:33,505 [INFO] app: Registered route: POST /api/telegram/notify → telegram_notify
2025-12-10 18:16:33,507 [INFO] app: Registered route: GET /api/tasks → tasks_list
2025-12-10 18:16:33,508 [INFO] app: Registered route: POST /api/tasks → tasks_create
2025-12-10 18:16:33,509 [INFO] app: Registered route: PUT /api/tasks/<int:id> → tasks_update
2025-12-10 18:16:33,510 [INFO] app: Registered route: DELETE /api/tasks/<int:id> → tasks_delete
2025-12-10 18:16:33,511 [INFO] app: Registered route: GET /api/docs → docs_list
2025-12-10 18:16:33,512 [INFO] app: Registered route: POST /api/docs → docs_create
2025-12-10 18:16:33,513 [INFO] app: Registered route: PUT /api/docs/<int:id> → docs_update
2025-12-10 18:16:33,514 [INFO] app: Registered route: GET /api/calendar/events → events_list
2025-12-10 18:22:42,741 [INFO] app: Registered route: POST /api/telegram/auth → telegram_auth
2025-12-10 18:22:42,742 [INFO] app: Registered route: POST /api/telegram/notify → telegram_notify
2025-12-10 18:22:42,744 [INFO] app: Registered route: GET /api/tasks → tasks_list
2025-12-10 18:22:42,745 [INFO] app: Registered route: POST /api/tasks → tasks_create
2025-12-10 18:22:42,746 [INFO] app: Registered route: PUT /api/tasks/<int:id> → tasks_update
2025-12-10 18:22:42,747 [INFO] app: Registered route: DELETE /api/tasks/<int:id> → tasks_delete
2025-12-10 18:22:42,750 [INFO] app: Registered route: GET /api/docs → docs_list
2025-12-10 18:22:42,752 [INFO] app: Registered route: POST /api/docs → docs_create
2025-12-10 18:22:42,755 [INFO] app: Registered route: PUT /api/docs/<int:id> → docs_update
2025-12-10 18:22:42,756 [INFO] app: Registered route: GET /api/calendar/events → events_list
2025-12-10 18:26:05,088 [INFO] app: Registered route: POST /api/telegram/auth → telegram_auth
2025-12-10 18:26:05,090 [INFO] app: Registered route: POST /api/telegram/notify → telegram_notify
2025-12-10 18:26:05,092 [INFO] app: Registered route: GET /api/tasks → tasks_list
2025-12-10 18:26:05,093 [INFO] app: Registered route: POST /api/tasks → tasks_create
2025-12-10 18:26:05,095 [INFO] app: Registered route: PUT /api/tasks/<int:id> → tasks_update
2025-12-10 18:26:05,098 [INFO] app: Registered route: DELETE /api/tasks/<int:id> → tasks_delete
2025-12-10 18:26:05,100 [INFO] app: Registered route: GET /api/docs → docs_list
2025-12-10 18:26:05,101 [INFO] app: Registered route: POST /api/docs → docs_create
2025-12-10 18:26:05,102 [INFO] app: Registered route: PUT /api/docs/<int:id> → docs_update
2025-12-10 18:26:05,104 [INFO] app: Registered route: GET /api/calendar/events → events_list
2025-12-10 18:26:05,107 [INFO] app: Registered route: POST /api/calendar/events → events_create
2025-12-10 18:26:05,108 [INFO] app: Registered route: GET /api/users → users_list
2025-12-10 18:26:05,109 [INFO] app: Registered route: POST /api/users → users_create
2025-12-10 18:26:05,155 [INFO] werkzeug: [31m[1mWARNING: This is a development server. Do not use it in a production deployment. Use a production WSGI server instead.[0m
 * Running on all addresses (0.0.0.0)
 * Running on http://127.0.0.1:5000
 * Running on http://192.168.1.139:5000
2025-12-10 18:26:05,155 [INFO] werkzeug: [33mPress CTRL+C to quit[0m
2025-12-10 18:26:05,157 [INFO] werkzeug:  * Restarting with stat
2025-12-10 18:26:05,508 [INFO] app: Registered route: POST /api/telegram/auth → telegram_auth
2025-12-10 18:26:05,509 [INFO] app: Registered route: POST /api/telegram/notify → telegram_notify
2025-12-10 18:26:05,510 [INFO] app: Registered route: GET /api/tasks → tasks_list
2025-12-10 18:26:05,511 [INFO] app: Registered route: POST /api/tasks → tasks_create
2025-12-10 18:26:05,512 [INFO] app: Registered route: PUT /api/tasks/<int:id> → tasks_update
2025-12-10 18:26:05,513 [INFO] app: Registered route: DELETE /api/tasks/<int:id> → tasks_delete
2025-12-10 18:26:05,514 [INFO] app: Registered route: GET /api/docs → docs_list
2025-12-10 18:26:05,515 [INFO] app: Registered route: POST /api/docs → docs_create
2025-12-10 18:26:05,516 [INFO] app: Registered route: PUT /api/docs/<int:id> → docs_update
2025-12-10 18:26:05,517 [INFO] app: Registered route: GET /api/calendar/events → events_list
2025-12-10 18:26:05,518 [INFO] app: Registered route: POST /api/calendar/events → events_create
2025-12-10 18:26:05,519 [INFO] app: Registered route: GET /api/users → users_list
2025-12-10 18:26:05,520 [INFO] app: Registered route: POST /api/users → users_create
2025-12-10 18:26:05,537 [WARNING] werkzeug:  * Debugger is active!
2025-12-10 18:26:05,539 [INFO] werkzeug:  * Debugger PIN: 108-000-919
2025-12-10 18:26:43,796 [INFO] werkzeug:  * Detected change in 'C:\\Users\\USER\\Desktop\\CaseK2NeuroTechDevelopmentAssistant_K11\\server\\test\\test_client.py', reloading
2025-12-10 18:26:43,835 [INFO] werkzeug:  * Restarting with stat
2025-12-10 18:26:44,137 [INFO] app: Registered route: POST /api/telegram/auth → telegram_auth
2025-12-10 18:26:44,138 [INFO] app: Registered route: POST /api/telegram/notify → telegram_notify
2025-12-10 18:26:44,140 [INFO] app: Registered route: GET /api/tasks → tasks_list
2025-12-10 18:26:44,141 [INFO] app: Registered route: POST /api/tasks → tasks_create
2025-12-10 18:26:44,142 [INFO] app: Registered route: PUT /api/tasks/<int:id> → tasks_update
2025-12-10 18:26:44,143 [INFO] app: Registered route: DELETE /api/tasks/<int:id> → tasks_delete
2025-12-10 18:26:44,145 [INFO] app: Registered route: GET /api/docs → docs_list
2025-12-10 18:26:44,146 [INFO] app: Registered route: POST /api/docs → docs_create
2025-12-10 18:26:44,147 [INFO] app: Registered route: PUT /api/docs/<int:id> → docs_update
2025-12-10 18:26:44,148 [INFO] app: Registered route: GET /api/calendar/events → events_list
2025-12-10 18:26:44,149 [INFO] app: Registered route: POST /api/calendar/events → events_create
2025-12-10 18:26:44,150 [INFO] app: Registered route: GET /api/users → users_list
2025-12-10 18:26:44,152 [INFO] app: Registered route: POST /api/users → users_create
2025-12-10 18:26:44,171 [WARNING] werkzeug:  * Debugger is active!
2025-12-10 18:26:44,174 [INFO] werkzeug:  * Debugger PIN: 108-000-919
2025-12-10 18:26:54,492 [INFO] werkzeug:  * Detected change in 'C:\\Users\\USER\\Desktop\\CaseK2NeuroTechDevelopmentAssistant_K11\\server\\test\\test_client.py', reloading
2025-12-10 18:26:54,724 [INFO] werkzeug:  * Restarting with stat
2025-12-10 18:26:55,192 [INFO] app: Registered route: POST /api/telegram/auth → telegram_auth
2025-12-10 18:26:55,194 [INFO] app: Registered route: POST /api/telegram/notify → telegram_notify
2025-12-10 18:26:55,195 [INFO] app: Registered route: GET /api/tasks → tasks_list
2025-12-10 18:26:55,197 [INFO] app: Registered route: POST /api/tasks → tasks_create
2025-12-10 18:26:55,198 [INFO] app: Registered route: PUT /api/tasks/<int:id> → tasks_update
2025-12-10 18:26:55,200 [INFO] app: Registered route: DELETE /api/tasks/<int:id> → tasks_delete
2025-12-10 18:26:55,202 [INFO] app: Registered route: GET /api/docs → docs_list
2025-12-10 18:26:55,204 [INFO] app: Registered route: POST /api/docs → docs_create
2025-12-10 18:26:55,205 [INFO] app: Registered route: PUT /api/docs/<int:id> → docs_update
2025-12-10 18:26:55,206 [INFO] app: Registered route: GET /api/calendar/events → events_list
2025-12-10 18:26:55,208 [INFO] app: Registered route: POST /api/calendar/events → events_create
2025-12-10 18:26:55,211 [INFO] app: Registered route: GET /api/users → users_list
2025-12-10 18:26:55,212 [INFO] app: Registered route: POST /api/users → users_create
2025-12-10 18:26:55,238 [WARNING] werkzeug:  * Debugger is active!
2025-12-10 18:26:55,242 [INFO] werkzeug:  * Debugger PIN: 108-000-919
2025-12-10 18:27:16,263 [INFO] telegram_auth: Authenticated user: 111111111
2025-12-10 18:27:16,265 [INFO] werkzeug: 127.0.0.1 - - [10/Dec/2025 18:27:16] "POST /api/telegram/auth HTTP/1.1" 200 -
2025-12-10 18:27:18,350 [INFO] tasks_create: Task 4983 created by 111111111
2025-12-10 18:27:18,350 [INFO] werkzeug: 127.0.0.1 - - [10/Dec/2025 18:27:18] "[35m[1mPOST /api/tasks HTTP/1.1[0m" 201 -
2025-12-10 18:27:20,502 [INFO] werkzeug: 127.0.0.1 - - [10/Dec/2025 18:27:20] "GET /api/tasks HTTP/1.1" 200 -
2025-12-10 18:27:22,641 [INFO] tasks_update: Task 4983 updated by 111111111
2025-12-10 18:27:22,641 [INFO] werkzeug: 127.0.0.1 - - [10/Dec/2025 18:27:22] "PUT /api/tasks/4983 HTTP/1.1" 200 -
2025-12-10 18:27:24,711 [INFO] docs_create: Doc 2053 created by 111111111
2025-12-10 18:27:24,712 [INFO] werkzeug: 127.0.0.1 - - [10/Dec/2025 18:27:24] "[35m[1mPOST /api/docs HTTP/1.1[0m" 201 -
2025-12-10 18:27:26,772 [INFO] werkzeug: 127.0.0.1 - - [10/Dec/2025 18:27:26] "GET /api/docs HTTP/1.1" 200 -
2025-12-10 18:27:28,811 [INFO] werkzeug: 127.0.0.1 - - [10/Dec/2025 18:27:28] "PUT /api/docs/2053 HTTP/1.1" 200 -
2025-12-10 18:27:30,839 [INFO] events_create: Event 1505 created by user 111111111
2025-12-10 18:27:30,839 [INFO] werkzeug: 127.0.0.1 - - [10/Dec/2025 18:27:30] "[35m[1mPOST /api/calendar/events HTTP/1.1[0m" 201 -
2025-12-10 18:27:32,890 [INFO] werkzeug: 127.0.0.1 - - [10/Dec/2025 18:27:32] "GET /api/calendar/events HTTP/1.1" 200 -
2025-12-10 18:27:35,005 [INFO] tasks_delete: Task 4983 deleted by 111111111
2025-12-10 18:27:35,005 [INFO] werkzeug: 127.0.0.1 - - [10/Dec/2025 18:27:35] "DELETE /api/tasks/4983 HTTP/1.1" 200 -
2025-12-10 18:27:37,033 [INFO] root: [MOCK NOTIFICATION] To 123456789: Тестовое уведомление от сервера
2025-12-10 18:27:37,033 [INFO] telegram_notify: Notification sent to chat 123456789
2025-12-10 18:27:37,033 [INFO] werkzeug: 127.0.0.1 - - [10/Dec/2025 18:27:37] "POST /api/telegram/notify HTTP/1.1" 200 -
2025-12-10 18:29:25,743 [INFO] werkzeug:  * Detected change in 'C:\\Users\\USER\\Desktop\\CaseK2NeuroTechDevelopmentAssistant_K11\\server\\test\\test_client.py', reloading
2025-12-10 18:29:25,804 [INFO] werkzeug:  * Restarting with stat
2025-12-10 18:29:26,167 [INFO] app: Registered route: POST /api/telegram/auth → telegram_auth
2025-12-10 18:29:26,168 [INFO] app: Registered route: POST /api/telegram/notify → telegram_notify
2025-12-10 18:29:26,170 [INFO] app: Registered route: GET /api/tasks → tasks_list
2025-12-10 18:29:26,171 [INFO] app: Registered route: POST /api/tasks → tasks_create
2025-12-10 18:29:26,172 [INFO] app: Registered route: PUT /api/tasks/<int:id> → tasks_update
2025-12-10 18:29:26,173 [INFO] app: Registered route: DELETE /api/tasks/<int:id> → tasks_delete
2025-12-10 18:29:26,174 [INFO] app: Registered route: GET /api/docs → docs_list
2025-12-10 18:29:26,175 [INFO] app: Registered route: POST /api/docs → docs_create
2025-12-10 18:29:26,176 [INFO] app: Registered route: PUT /api/docs/<int:id> → docs_update
2025-12-10 18:29:26,177 [INFO] app: Registered route: GET /api/calendar/events → events_list
2025-12-10 18:29:26,178 [INFO] app: Registered route: POST /api/calendar/events → events_create
2025-12-10 18:29:26,179 [INFO] app: Registered route: GET /api/users → users_list
2025-12-10 18:29:26,180 [INFO] app: Registered route: POST /api/users → users_create
2025-12-10 18:29:26,197 [WARNING] werkzeug:  * Debugger is active!
2025-12-10 18:29:26,200 [INFO] werkzeug:  * Debugger PIN: 108-000-919
2025-12-10 18:29:27,696 [INFO] telegram_auth: Authenticated user: 111111111
2025-12-10 18:29:27,697 [INFO] werkzeug: 127.0.0.1 - - [10/Dec/2025 18:29:27] "POST /api/telegram/auth HTTP/1.1" 200 -
2025-12-10 18:29:29,776 [INFO] tasks_create: Task 4983 created by 111111111
2025-12-10 18:29:29,776 [INFO] werkzeug: 127.0.0.1 - - [10/Dec/2025 18:29:29] "[35m[1mPOST /api/tasks HTTP/1.1[0m" 201 -
2025-12-10 18:29:31,893 [INFO] werkzeug: 127.0.0.1 - - [10/Dec/2025 18:29:31] "GET /api/tasks HTTP/1.1" 200 -
2025-12-10 18:29:34,051 [INFO] tasks_update: Task 4983 updated by 111111111
2025-12-10 18:29:34,052 [INFO] werkzeug: 127.0.0.1 - - [10/Dec/2025 18:29:34] "PUT /api/tasks/4983 HTTP/1.1" 200 -
2025-12-10 18:29:36,102 [INFO] docs_create: Doc 2054 created by 111111111
2025-12-10 18:29:36,102 [INFO] werkzeug: 127.0.0.1 - - [10/Dec/2025 18:29:36] "[35m[1mPOST /api/docs HTTP/1.1[0m" 201 -
2025-12-10 18:29:38,166 [INFO] werkzeug: 127.0.0.1 - - [10/Dec/2025 18:29:38] "GET /api/docs HTTP/1.1" 200 -
2025-12-10 18:29:40,238 [INFO] werkzeug: 127.0.0.1 - - [10/Dec/2025 18:29:40] "PUT /api/docs/2054 HTTP/1.1" 200 -
2025-12-10 18:29:42,262 [INFO] events_create: Event 1506 created by user 111111111
2025-12-10 18:29:42,262 [INFO] werkzeug: 127.0.0.1 - - [10/Dec/2025 18:29:42] "[35m[1mPOST /api/calendar/events HTTP/1.1[0m" 201 -
2025-12-10 18:29:44,337 [INFO] werkzeug: 127.0.0.1 - - [10/Dec/2025 18:29:44] "GET /api/calendar/events HTTP/1.1" 200 -
2025-12-10 18:29:46,440 [INFO] tasks_delete: Task 4983 deleted by 111111111
2025-12-10 18:29:46,441 [INFO] werkzeug: 127.0.0.1 - - [10/Dec/2025 18:29:46] "DELETE /api/tasks/4983 HTTP/1.1" 200 -
2025-12-10 18:29:48,468 [INFO] root: [MOCK NOTIFICATION] To 123456789: Test notification from server
2025-12-10 18:29:48,468 [INFO] telegram_notify: Notification sent to chat 123456789
2025-12-10 18:29:48,468 [INFO] werkzeug: 127.0.0.1 - - [10/Dec/2025 18:29:48] "POST /api/telegram/notify HTTP/1.1" 200 -
2025-12-10 18:31:51,492 [INFO] werkzeug:  * Detected change in 'C:\\Users\\USER\\Desktop\\CaseK2NeuroTechDevelopmentAssistant_K11\\server\\test\\test_client_admin.py', reloading
2025-12-10 18:31:51,534 [INFO] werkzeug:  * Restarting with stat
2025-12-10 18:31:52,119 [INFO] app: Registered route: POST /api/telegram/auth → telegram_auth
2025-12-10 18:31:52,123 [INFO] app: Registered route: POST /api/telegram/notify → telegram_notify
2025-12-10 18:31:52,126 [INFO] app: Registered route: GET /api/tasks → tasks_list
2025-12-10 18:31:52,128 [INFO] app: Registered route: POST /api/tasks → tasks_create
2025-12-10 18:31:52,135 [INFO] app: Registered route: PUT /api/tasks/<int:id> → tasks_update
2025-12-10 18:31:52,138 [INFO] app: Registered route: DELETE /api/tasks/<int:id> → tasks_delete
2025-12-10 18:31:52,141 [INFO] app: Registered route: GET /api/docs → docs_list
2025-12-10 18:31:52,152 [INFO] app: Registered route: POST /api/docs → docs_create
2025-12-10 18:31:52,159 [INFO] app: Registered route: PUT /api/docs/<int:id> → docs_update
2025-12-10 18:31:52,162 [INFO] app: Registered route: GET /api/calendar/events → events_list
2025-12-10 18:31:52,165 [INFO] app: Registered route: POST /api/calendar/events → events_create
2025-12-10 18:31:52,168 [INFO] app: Registered route: GET /api/users → users_list
2025-12-10 18:31:52,171 [INFO] app: Registered route: POST /api/users → users_create
2025-12-10 18:31:52,208 [WARNING] werkzeug:  * Debugger is active!
2025-12-10 18:31:52,214 [INFO] werkzeug:  * Debugger PIN: 108-000-919
2025-12-10 18:32:48,026 [INFO] werkzeug:  * Detected change in 'C:\\Users\\USER\\Desktop\\CaseK2NeuroTechDevelopmentAssistant_K11\\server\\test\\test_client_admin.py', reloading
2025-12-10 18:32:48,064 [INFO] werkzeug:  * Restarting with stat
2025-12-10 18:32:48,366 [INFO] app: Registered route: POST /api/telegram/auth → telegram_auth
2025-12-10 18:32:48,367 [INFO] app: Registered route: POST /api/telegram/notify → telegram_notify
2025-12-10 18:32:48,368 [INFO] app: Registered route: GET /api/tasks → tasks_list
2025-12-10 18:32:48,369 [INFO] app: Registered route: POST /api/tasks → tasks_create
2025-12-10 18:32:48,370 [INFO] app: Registered route: PUT /api/tasks/<int:id> → tasks_update
2025-12-10 18:32:48,371 [INFO] app: Registered route: DELETE /api/tasks/<int:id> → tasks_delete
2025-12-10 18:32:48,372 [INFO] app: Registered route: GET /api/docs → docs_list
2025-12-10 18:32:48,373 [INFO] app: Registered route: POST /api/docs → docs_create
2025-12-10 18:32:48,374 [INFO] app: Registered route: PUT /api/docs/<int:id> → docs_update
2025-12-10 18:32:48,376 [INFO] app: Registered route: GET /api/calendar/events → events_list
2025-12-10 18:32:48,376 [INFO] app: Registered route: POST /api/calendar/events → events_create
2025-12-10 18:32:48,377 [INFO] app: Registered route: GET /api/users → users_list
2025-12-10 18:32:48,378 [INFO] app: Registered route: POST /api/users → users_create
2025-12-10 18:32:48,395 [WARNING] werkzeug:  * Debugger is active!
2025-12-10 18:32:48,398 [INFO] werkzeug:  * Debugger PIN: 108-000-919
2025-12-10 18:32:54,179 [INFO] telegram_auth: Authenticated user: 111111111
2025-12-10 18:32:54,180 [INFO] werkzeug: 127.0.0.1 - - [10/Dec/2025 18:32:54] "POST /api/telegram/auth HTTP/1.1" 200 -
2025-12-10 18:32:56,225 [INFO] werkzeug: 127.0.0.1 - - [10/Dec/2025 18:32:56] "GET /api/users HTTP/1.1" 200 -
2025-12-10 18:32:58,258 [INFO] werkzeug: 127.0.0.1 - - [10/Dec/2025 18:32:58] "[31m[1mPOST /api/users HTTP/1.1[0m" 401 -
2025-12-10 18:33:31,128 [INFO] telegram_auth: Authenticated user: 111111111
2025-12-10 18:33:31,129 [INFO] werkzeug: 127.0.0.1 - - [10/Dec/2025 18:33:31] "POST /api/telegram/auth HTTP/1.1" 200 -
2025-12-10 18:33:33,173 [INFO] werkzeug: 127.0.0.1 - - [10/Dec/2025 18:33:33] "GET /api/users HTTP/1.1" 200 -
2025-12-10 18:33:35,212 [INFO] werkzeug: 127.0.0.1 - - [10/Dec/2025 18:33:35] "[31m[1mPOST /api/users HTTP/1.1[0m" 401 -
2025-12-10 18:34:16,118 [INFO] telegram_auth: Authenticated user: 111111111
2025-12-10 18:34:16,119 [INFO] werkzeug: 127.0.0.1 - - [10/Dec/2025 18:34:16] "POST /api/telegram/auth HTTP/1.1" 200 -
2025-12-10 18:34:18,160 [INFO] werkzeug: 127.0.0.1 - - [10/Dec/2025 18:34:18] "GET /api/users HTTP/1.1" 200 -
2025-12-10 18:34:20,196 [INFO] werkzeug: 127.0.0.1 - - [10/Dec/2025 18:34:20] "[31m[1mPOST /api/users HTTP/1.1[0m" 401 -
2025-12-10 18:34:39,777 [INFO] telegram_auth: Authenticated user: 111111111
2025-12-10 18:34:39,777 [INFO] werkzeug: 127.0.0.1 - - [10/Dec/2025 18:34:39] "POST /api/telegram/auth HTTP/1.1" 200 -
2025-12-10 18:34:41,831 [INFO] werkzeug: 127.0.0.1 - - [10/Dec/2025 18:34:41] "GET /api/users HTTP/1.1" 200 -
2025-12-10 18:34:43,858 [INFO] werkzeug: 127.0.0.1 - - [10/Dec/2025 18:34:43] "[31m[1mPOST /api/users HTTP/1.1[0m" 401 -
2025-12-10 18:35:25,244 [INFO] werkzeug:  * Detected change in 'C:\\Users\\USER\\Desktop\\CaseK2NeuroTechDevelopmentAssistant_K11\\server\\test\\test_client_admin.py', reloading
2025-12-10 18:35:25,285 [INFO] werkzeug:  * Restarting with stat
2025-12-10 18:35:25,597 [INFO] app: Registered route: POST /api/telegram/auth → telegram_auth
2025-12-10 18:35:25,598 [INFO] app: Registered route: POST /api/telegram/notify → telegram_notify
2025-12-10 18:35:25,599 [INFO] app: Registered route: GET /api/tasks → tasks_list
2025-12-10 18:35:25,600 [INFO] app: Registered route: POST /api/tasks → tasks_create
2025-12-10 18:35:25,601 [INFO] app: Registered route: PUT /api/tasks/<int:id> → tasks_update
2025-12-10 18:35:25,602 [INFO] app: Registered route: DELETE /api/tasks/<int:id> → tasks_delete
2025-12-10 18:35:25,603 [INFO] app: Registered route: GET /api/docs → docs_list
2025-12-10 18:35:25,604 [INFO] app: Registered route: POST /api/docs → docs_create
2025-12-10 18:35:25,606 [INFO] app: Registered route: PUT /api/docs/<int:id> → docs_update
2025-12-10 18:35:25,607 [INFO] app: Registered route: GET /api/calendar/events → events_list
2025-12-10 18:35:25,609 [INFO] app: Registered route: POST /api/calendar/events → events_create
2025-12-10 18:35:25,610 [INFO] app: Registered route: GET /api/users → users_list
2025-12-10 18:35:25,611 [INFO] app: Registered route: POST /api/users → users_create
2025-12-10 18:35:25,627 [WARNING] werkzeug:  * Debugger is active!
2025-12-10 18:35:25,630 [INFO] werkzeug:  * Debugger PIN: 108-000-919
2025-12-10 18:35:29,516 [INFO] telegram_auth: Authenticated user: 111111111
2025-12-10 18:35:29,516 [INFO] werkzeug: 127.0.0.1 - - [10/Dec/2025 18:35:29] "POST /api/telegram/auth HTTP/1.1" 200 -
2025-12-10 18:35:31,555 [INFO] werkzeug: 127.0.0.1 - - [10/Dec/2025 18:35:31] "GET /api/users HTTP/1.1" 200 -
2025-12-10 18:35:33,603 [INFO] werkzeug: 127.0.0.1 - - [10/Dec/2025 18:35:33] "[31m[1mPOST /api/users HTTP/1.1[0m" 401 -
2025-12-10 18:37:31,582 [INFO] werkzeug:  * Detected change in 'C:\\Users\\USER\\Desktop\\CaseK2NeuroTechDevelopmentAssistant_K11\\server\\handlers\\users_create.py', reloading
2025-12-10 18:37:31,625 [INFO] werkzeug:  * Restarting with stat
2025-12-10 18:37:31,930 [INFO] app: Registered route: POST /api/telegram/auth → telegram_auth
2025-12-10 18:37:31,930 [INFO] app: Registered route: POST /api/telegram/notify → telegram_notify
2025-12-10 18:37:31,931 [INFO] app: Registered route: GET /api/tasks → tasks_list
2025-12-10 18:37:31,933 [INFO] app: Registered route: POST /api/tasks → tasks_create
2025-12-10 18:37:31,934 [INFO] app: Registered route: PUT /api/tasks/<int:id> → tasks_update
2025-12-10 18:37:31,935 [INFO] app: Registered route: DELETE /api/tasks/<int:id> → tasks_delete
2025-12-10 18:37:31,936 [INFO] app: Registered route: GET /api/docs → docs_list
2025-12-10 18:37:31,937 [INFO] app: Registered route: POST /api/docs → docs_create
2025-12-10 18:37:31,938 [INFO] app: Registered route: PUT /api/docs/<int:id> → docs_update
2025-12-10 18:37:31,939 [INFO] app: Registered route: GET /api/calendar/events → events_list
2025-12-10 18:37:31,940 [INFO] app: Registered route: POST /api/calendar/events → events_create
2025-12-10 18:37:31,941 [INFO] app: Registered route: GET /api/users → users_list
2025-12-10 18:37:31,942 [INFO] app: Registered route: POST /api/users → users_create
2025-12-10 18:37:31,958 [WARNING] werkzeug:  * Debugger is active!
2025-12-10 18:37:31,962 [INFO] werkzeug:  * Debugger PIN: 108-000-919
